<?xml version="1.0" encoding="UTF-8"?>
<!-- Generated by org.testng.reporters.JUnitReportReporter -->
<testsuite skipped="2" hostname="LAPTOP-A003P5EU" name="slacktestcases.SlackDifferentAccountAuthorizeError" tests="3" failures="0" timestamp="09 Dec 2020 07:27:50 GMT" time="3.030" errors="1">
  <testcase name="initializeDriver" time="3.030" classname="slacktestcases.SlackDifferentAccountAuthorizeError">
    <error type="org.openqa.selenium.SessionNotCreatedException" message="session not created: This version of ChromeDriver only supports Chrome version 85
Build info: version: &#039;4.0.0-alpha-4&#039;, revision: &#039;c2d955b49e&#039;
System info: host: &#039;LAPTOP-A003P5EU&#039;, ip: &#039;192.168.18.105&#039;, os.name: &#039;Windows 10&#039;, os.arch: &#039;amd64&#039;, os.version: &#039;10.0&#039;, java.version: &#039;1.8.0_261&#039;
Driver info: driver.version: InitiateDriver
remote stacktrace: Backtrace:
	Ordinal0 [0x0070D383+3134339]
	Ordinal0 [0x005FA171+2007409]
	Ordinal0 [0x0049AEE8+569064]
	Ordinal0 [0x0042139F+70559]
	Ordinal0 [0x0041CC63+52323]
	Ordinal0 [0x00440DFC+200188]
	Ordinal0 [0x00440C1D+199709]
	Ordinal0 [0x0043EB0B+191243]
	Ordinal0 [0x00422E77+77431]
	Ordinal0 [0x00423E3E+81470]
	Ordinal0 [0x00423DC9+81353]
	Ordinal0 [0x00610CD9+2100441]
	GetHandleVerifier [0x0087B75A+1396954]
	GetHandleVerifier [0x0087B3D9+1396057]
	GetHandleVerifier [0x00887126+1444518]
	GetHandleVerifier [0x0087BCE8+1398376]
	Ordinal0 [0x00607F51+2064209]
	Ordinal0 [0x006122EB+2106091]
	Ordinal0 [0x00612411+2106385]
	Ordinal0 [0x006249C4+2181572]
	BaseThreadInitThunk [0x75396359+25]
	RtlGetAppContainerNamedObjectPath [0x77718944+228]
	RtlGetAppContainerNamedObjectPath [0x77718914+180]
">
      <![CDATA[org.openqa.selenium.SessionNotCreatedException: session not created: This version of ChromeDriver only supports Chrome version 85
Build info: version: '4.0.0-alpha-4', revision: 'c2d955b49e'
System info: host: 'LAPTOP-A003P5EU', ip: '192.168.18.105', os.name: 'Windows 10', os.arch: 'amd64', os.version: '10.0', java.version: '1.8.0_261'
Driver info: driver.version: InitiateDriver
remote stacktrace: Backtrace:
Ordinal0 [0x0070D383+3134339]
Ordinal0 [0x005FA171+2007409]
Ordinal0 [0x0049AEE8+569064]
Ordinal0 [0x0042139F+70559]
Ordinal0 [0x0041CC63+52323]
Ordinal0 [0x00440DFC+200188]
Ordinal0 [0x00440C1D+199709]
Ordinal0 [0x0043EB0B+191243]
Ordinal0 [0x00422E77+77431]
Ordinal0 [0x00423E3E+81470]
Ordinal0 [0x00423DC9+81353]
Ordinal0 [0x00610CD9+2100441]
GetHandleVerifier [0x0087B75A+1396954]
GetHandleVerifier [0x0087B3D9+1396057]
GetHandleVerifier [0x00887126+1444518]
GetHandleVerifier [0x0087BCE8+1398376]
Ordinal0 [0x00607F51+2064209]
Ordinal0 [0x006122EB+2106091]
Ordinal0 [0x00612411+2106385]
Ordinal0 [0x006249C4+2181572]
BaseThreadInitThunk [0x75396359+25]
RtlGetAppContainerNamedObjectPath [0x77718944+228]
RtlGetAppContainerNamedObjectPath [0x77718914+180]

at sun.reflect.NativeConstructorAccessorImpl.newInstance0(Native Method)
at sun.reflect.NativeConstructorAccessorImpl.newInstance(Unknown Source)
at sun.reflect.DelegatingConstructorAccessorImpl.newInstance(Unknown Source)
at java.lang.reflect.Constructor.newInstance(Unknown Source)
at org.openqa.selenium.remote.W3CHandshakeResponse.lambda$errorHandler$0(W3CHandshakeResponse.java:62)
at org.openqa.selenium.remote.HandshakeResponse.lambda$getResponseFunction$0(HandshakeResponse.java:30)
at org.openqa.selenium.remote.ProtocolHandshake.lambda$createSession$1(ProtocolHandshake.java:126)
at java.util.stream.ReferencePipeline$3$1.accept(Unknown Source)
at java.util.Spliterators$ArraySpliterator.tryAdvance(Unknown Source)
at java.util.stream.ReferencePipeline.forEachWithCancel(Unknown Source)
at java.util.stream.AbstractPipeline.copyIntoWithCancel(Unknown Source)
at java.util.stream.AbstractPipeline.copyInto(Unknown Source)
at java.util.stream.AbstractPipeline.wrapAndCopyInto(Unknown Source)
at java.util.stream.FindOps$FindOp.evaluateSequential(Unknown Source)
at java.util.stream.AbstractPipeline.evaluate(Unknown Source)
at java.util.stream.ReferencePipeline.findFirst(Unknown Source)
at org.openqa.selenium.remote.ProtocolHandshake.createSession(ProtocolHandshake.java:128)
at org.openqa.selenium.remote.ProtocolHandshake.createSession(ProtocolHandshake.java:75)
at org.openqa.selenium.remote.HttpCommandExecutor.execute(HttpCommandExecutor.java:139)
at org.openqa.selenium.remote.service.DriverCommandExecutor.execute(DriverCommandExecutor.java:83)
at org.openqa.selenium.remote.RemoteWebDriver.execute(RemoteWebDriver.java:582)
at org.openqa.selenium.remote.RemoteWebDriver.startSession(RemoteWebDriver.java:216)
at org.openqa.selenium.remote.RemoteWebDriver.<init>(RemoteWebDriver.java:136)
at org.openqa.selenium.chromium.ChromiumDriver.<init>(ChromiumDriver.java:75)
at org.openqa.selenium.chrome.ChromeDriver.<init>(ChromeDriver.java:163)
at org.openqa.selenium.chrome.ChromeDriver.<init>(ChromeDriver.java:150)
at org.openqa.selenium.chrome.ChromeDriver.<init>(ChromeDriver.java:105)
at resources.InitiateDriver.initializeDriver(InitiateDriver.java:37)
at sun.reflect.NativeMethodAccessorImpl.invoke0(Native Method)
at sun.reflect.NativeMethodAccessorImpl.invoke(Unknown Source)
at sun.reflect.DelegatingMethodAccessorImpl.invoke(Unknown Source)
at java.lang.reflect.Method.invoke(Unknown Source)
at org.testng.internal.MethodInvocationHelper.invokeMethod(MethodInvocationHelper.java:124)
at org.testng.internal.MethodInvocationHelper.invokeMethodConsideringTimeout(MethodInvocationHelper.java:59)
at org.testng.internal.Invoker.invokeConfigurationMethod(Invoker.java:458)
at org.testng.internal.Invoker.invokeConfigurations(Invoker.java:222)
at org.testng.internal.Invoker.invokeConfigurations(Invoker.java:142)
at org.testng.SuiteRunner.privateRun(SuiteRunner.java:401)
at org.testng.SuiteRunner.run(SuiteRunner.java:364)
at org.testng.SuiteRunnerWorker.runSuite(SuiteRunnerWorker.java:52)
at org.testng.SuiteRunnerWorker.run(SuiteRunnerWorker.java:84)
at org.testng.TestNG.runSuitesSequentially(TestNG.java:1208)
at org.testng.TestNG.runSuitesLocally(TestNG.java:1137)
at org.testng.TestNG.runSuites(TestNG.java:1049)
at org.testng.TestNG.run(TestNG.java:1017)
at org.testng.remote.AbstractRemoteTestNG.run(AbstractRemoteTestNG.java:115)
at org.testng.remote.RemoteTestNG.initAndRun(RemoteTestNG.java:251)
at org.testng.remote.RemoteTestNG.main(RemoteTestNG.java:77)
]]>
    </error>
  </testcase> <!-- initializeDriver -->
  <testcase name="validateSlackLoginWhenConnected" time="0.000" classname="slacktestcases.SlackDifferentAccountAuthorizeError">
    <skipped/>
  </testcase> <!-- validateSlackLoginWhenConnected -->
  <testcase name="ValidateAccountMismatch" time="0.000" classname="slacktestcases.SlackDifferentAccountAuthorizeError">
    <skipped/>
  </testcase> <!-- ValidateAccountMismatch -->
</testsuite> <!-- slacktestcases.SlackDifferentAccountAuthorizeError -->
